# JRE version: OpenJDK Runtime Environment (17.0.6) (build 17.0.6+0-b2043.56-9586694)
# Java VM: OpenJDK 64-Bit Server VM (17.0.6+0-b2043.56-9586694, mixed mode, tiered, compressed oops, compressed class ptrs, g1 gc, windows-amd64)
GC Precious Log:
 CPUs: 8 total, 8 available
 Memory: 3875M
 Large Page Support: Disabled
 NUMA Support: Disabled
 Compressed Oops: Enabled (32-bit)
 Heap Region Size: 1M
 Heap Min Capacity: 8M
 Heap Initial Capacity: 62M
 Heap Max Capacity: 2G
 Pre-touch: Disabled
 Parallel Workers: 8
 Concurrent Workers: 2
 Concurrent Refinement Workers: 8
 Periodic GC: Disabled
Heap:
 garbage-first heap   total 173056K, used 140051K [0x0000000080000000, 0x0000000100000000)
  region size 1024K, 33 young (33792K), 1 survivors (1024K)
 Metaspace       used 100300K, committed 100928K, reserved 1138688K
  class space    used 13669K, committed 13952K, reserved 1048576K
GC Heap History (20 events):
Event: 119.067 GC heap before
{Heap before GC invocations=19 (full 0):
 garbage-first heap   total 167936K, used 131072K [0x0000000080000000, 0x0000000100000000)
  region size 1024K, 71 young (72704K), 6 survivors (6144K)
 Metaspace       used 78673K, committed 79232K, reserved 1122304K
  class space    used 10638K, committed 10880K, reserved 1048576K
}
Event: 119.075 GC heap after
{Heap after GC invocations=20 (full 0):
 garbage-first heap   total 167936K, used 69543K [0x0000000080000000, 0x0000000100000000)
  region size 1024K, 6 young (6144K), 6 survivors (6144K)
 Metaspace       used 78673K, committed 79232K, reserved 1122304K
  class space    used 10638K, committed 10880K, reserved 1048576K
}
Event: 122.645 GC heap before
{Heap before GC invocations=20 (full 0):
 garbage-first heap   total 167936K, used 132007K [0x0000000080000000, 0x0000000100000000)
  region size 1024K, 67 young (68608K), 6 survivors (6144K)
 Metaspace       used 85289K, committed 85888K, reserved 1130496K
  class space    used 11590K, committed 11840K, reserved 1048576K
}
Event: 122.653 GC heap after
{Heap after GC invocations=21 (full 0):
 garbage-first heap   total 167936K, used 74263K [0x0000000080000000, 0x0000000100000000)
  region size 1024K, 6 young (6144K), 6 survivors (6144K)
 Metaspace       used 85289K, committed 85888K, reserved 1130496K
  class space    used 11590K, committed 11840K, reserved 1048576K
}
Event: 124.028 GC heap before
{Heap before GC invocations=21 (full 0):
 garbage-first heap   total 167936K, used 132631K [0x0000000080000000, 0x0000000100000000)
  region size 1024K, 63 young (64512K), 6 survivors (6144K)
 Metaspace       used 87088K, committed 87744K, reserved 1130496K
  class space    used 11925K, committed 12224K, reserved 1048576K
}
Event: 124.037 GC heap after
{Heap after GC invocations=22 (full 0):
 garbage-first heap   total 167936K, used 82749K [0x0000000080000000, 0x0000000100000000)
  region size 1024K, 8 young (8192K), 8 survivors (8192K)
 Metaspace       used 87088K, committed 87744K, reserved 1130496K
  class space    used 11925K, committed 12224K, reserved 1048576K
}
Event: 142.666 GC heap before
{Heap before GC invocations=22 (full 0):
 garbage-first heap   total 167936K, used 132925K [0x0000000080000000, 0x0000000100000000)
  region size 1024K, 58 young (59392K), 8 survivors (8192K)
 Metaspace       used 88331K, committed 88960K, reserved 1130496K
  class space    used 12074K, committed 12352K, reserved 1048576K
}
Event: 142.675 GC heap after
{Heap after GC invocations=23 (full 0):
 garbage-first heap   total 167936K, used 88493K [0x0000000080000000, 0x0000000100000000)
  region size 1024K, 6 young (6144K), 6 survivors (6144K)
 Metaspace       used 88331K, committed 88960K, reserved 1130496K
  class space    used 12074K, committed 12352K, reserved 1048576K
}
Event: 147.776 GC heap before
{Heap before GC invocations=23 (full 0):
 garbage-first heap   total 167936K, used 133549K [0x0000000080000000, 0x0000000100000000)
  region size 1024K, 51 young (52224K), 6 survivors (6144K)
 Metaspace       used 92706K, committed 93312K, reserved 1130496K
  class space    used 12603K, committed 12864K, reserved 1048576K
}
Event: 147.782 GC heap after
{Heap after GC invocations=24 (full 0):
 garbage-first heap   total 167936K, used 91076K [0x0000000080000000, 0x0000000100000000)
  region size 1024K, 4 young (4096K), 4 survivors (4096K)
 Metaspace       used 92706K, committed 93312K, reserved 1130496K
  class space    used 12603K, committed 12864K, reserved 1048576K
}
Event: 150.569 GC heap before
{Heap before GC invocations=25 (full 0):
 garbage-first heap   total 167936K, used 135108K [0x0000000080000000, 0x0000000100000000)
  region size 1024K, 48 young (49152K), 4 survivors (4096K)
 Metaspace       used 95649K, committed 96320K, reserved 1138688K
  class space    used 12985K, committed 13312K, reserved 1048576K
}
Event: 150.576 GC heap after
{Heap after GC invocations=26 (full 0):
 garbage-first heap   total 167936K, used 95149K [0x0000000080000000, 0x0000000100000000)
  region size 1024K, 6 young (6144K), 6 survivors (6144K)
 Metaspace       used 95649K, committed 96320K, reserved 1138688K
  class space    used 12985K, committed 13312K, reserved 1048576K
}
Event: 151.513 GC heap before
{Heap before GC invocations=26 (full 0):
 garbage-first heap   total 167936K, used 97197K [0x0000000080000000, 0x0000000100000000)
  region size 1024K, 8 young (8192K), 6 survivors (6144K)
 Metaspace       used 95841K, committed 96512K, reserved 1138688K
  class space    used 13012K, committed 13312K, reserved 1048576K
}
Event: 151.518 GC heap after
{Heap after GC invocations=27 (full 0):
 garbage-first heap   total 167936K, used 95669K [0x0000000080000000, 0x0000000100000000)
  region size 1024K, 1 young (1024K), 1 survivors (1024K)
 Metaspace       used 95841K, committed 96512K, reserved 1138688K
  class space    used 13012K, committed 13312K, reserved 1048576K
}
Event: 154.505 GC heap before
{Heap before GC invocations=27 (full 0):
 garbage-first heap   total 167936K, used 136629K [0x0000000080000000, 0x0000000100000000)
  region size 1024K, 42 young (43008K), 1 survivors (1024K)
 Metaspace       used 97000K, committed 97664K, reserved 1138688K
  class space    used 13186K, committed 13504K, reserved 1048576K
}
Event: 154.509 GC heap after
{Heap after GC invocations=28 (full 0):
 garbage-first heap   total 167936K, used 101888K [0x0000000080000000, 0x0000000100000000)
  region size 1024K, 6 young (6144K), 6 survivors (6144K)
 Metaspace       used 97000K, committed 97664K, reserved 1138688K
  class space    used 13186K, committed 13504K, reserved 1048576K
}
Event: 156.588 GC heap before
{Heap before GC invocations=29 (full 0):
 garbage-first heap   total 173056K, used 136704K [0x0000000080000000, 0x0000000100000000)
  region size 1024K, 41 young (41984K), 6 survivors (6144K)
 Metaspace       used 100205K, committed 100800K, reserved 1138688K
  class space    used 13668K, committed 13952K, reserved 1048576K
}
Event: 156.596 GC heap after
{Heap after GC invocations=30 (full 0):
 garbage-first heap   total 173056K, used 107956K [0x0000000080000000, 0x0000000100000000)
  region size 1024K, 6 young (6144K), 6 survivors (6144K)
 Metaspace       used 100205K, committed 100800K, reserved 1138688K
  class space    used 13668K, committed 13952K, reserved 1048576K
}
Event: 156.601 GC heap before
{Heap before GC invocations=30 (full 0):
 garbage-first heap   total 173056K, used 110004K [0x0000000080000000, 0x0000000100000000)
  region size 1024K, 8 young (8192K), 6 survivors (6144K)
 Metaspace       used 100215K, committed 100800K, reserved 1138688K
  class space    used 13668K, committed 13952K, reserved 1048576K
}
Event: 156.606 GC heap after
{Heap after GC invocations=31 (full 0):
 garbage-first heap   total 173056K, used 108307K [0x0000000080000000, 0x0000000100000000)
  region size 1024K, 1 young (1024K), 1 survivors (1024K)
 Metaspace       used 100215K, committed 100800K, reserved 1138688K
  class space    used 13668K, committed 13952K, reserved 1048576K
}

