# JRE version: OpenJDK Runtime Environment (17.0.6) (build 17.0.6+0-b2043.56-9586694)
# Java VM: OpenJDK 64-Bit Server VM (17.0.6+0-b2043.56-9586694, mixed mode, tiered, compressed oops, compressed class ptrs, g1 gc, windows-amd64)
GC Precious Log:
 CPUs: 8 total, 8 available
 Memory: 3875M
 Large Page Support: Disabled
 NUMA Support: Disabled
 Compressed Oops: Enabled (32-bit)
 Heap Region Size: 1M
 Heap Min Capacity: 8M
 Heap Initial Capacity: 62M
 Heap Max Capacity: 2G
 Pre-touch: Disabled
 Parallel Workers: 8
 Concurrent Workers: 2
 Concurrent Refinement Workers: 8
 Periodic GC: Disabled
Heap:
 garbage-first heap   total 107520K, used 70596K [0x0000000080000000, 0x0000000100000000)
  region size 1024K, 21 young (21504K), 1 survivors (1024K)
 Metaspace       used 60149K, committed 60672K, reserved 1105920K
  class space    used 7969K, committed 8192K, reserved 1048576K
GC Heap History (20 events):
Event: 157.849 GC heap before
{Heap before GC invocations=21 (full 0):
 garbage-first heap   total 63488K, used 50966K [0x0000000080000000, 0x0000000100000000)
  region size 1024K, 18 young (18432K), 3 survivors (3072K)
 Metaspace       used 51767K, committed 52224K, reserved 1097728K
  class space    used 6837K, committed 7040K, reserved 1048576K
}
Event: 157.852 GC heap after
{Heap after GC invocations=22 (full 0):
 garbage-first heap   total 63488K, used 37273K [0x0000000080000000, 0x0000000100000000)
  region size 1024K, 2 young (2048K), 2 survivors (2048K)
 Metaspace       used 51767K, committed 52224K, reserved 1097728K
  class space    used 6837K, committed 7040K, reserved 1048576K
}
Event: 158.400 GC heap before
{Heap before GC invocations=23 (full 0):
 garbage-first heap   total 66560K, used 39321K [0x0000000080000000, 0x0000000100000000)
  region size 1024K, 5 young (5120K), 2 survivors (2048K)
 Metaspace       used 51918K, committed 52352K, reserved 1097728K
  class space    used 6864K, committed 7040K, reserved 1048576K
}
Event: 158.402 GC heap after
{Heap after GC invocations=24 (full 0):
 garbage-first heap   total 66560K, used 37362K [0x0000000080000000, 0x0000000100000000)
  region size 1024K, 2 young (2048K), 2 survivors (2048K)
 Metaspace       used 51918K, committed 52352K, reserved 1097728K
  class space    used 6864K, committed 7040K, reserved 1048576K
}
Event: 158.866 GC heap before
{Heap before GC invocations=25 (full 0):
 garbage-first heap   total 68608K, used 38386K [0x0000000080000000, 0x0000000100000000)
  region size 1024K, 3 young (3072K), 2 survivors (2048K)
 Metaspace       used 51921K, committed 52352K, reserved 1097728K
  class space    used 6865K, committed 7040K, reserved 1048576K
}
Event: 158.868 GC heap after
{Heap after GC invocations=26 (full 0):
 garbage-first heap   total 68608K, used 38453K [0x0000000080000000, 0x0000000100000000)
  region size 1024K, 2 young (2048K), 2 survivors (2048K)
 Metaspace       used 51921K, committed 52352K, reserved 1097728K
  class space    used 6865K, committed 7040K, reserved 1048576K
}
Event: 160.568 GC heap before
{Heap before GC invocations=27 (full 0):
 garbage-first heap   total 70656K, used 40501K [0x0000000080000000, 0x0000000100000000)
  region size 1024K, 4 young (4096K), 2 survivors (2048K)
 Metaspace       used 51946K, committed 52352K, reserved 1097728K
  class space    used 6870K, committed 7040K, reserved 1048576K
}
Event: 160.570 GC heap after
{Heap after GC invocations=28 (full 0):
 garbage-first heap   total 84992K, used 40507K [0x0000000080000000, 0x0000000100000000)
  region size 1024K, 3 young (3072K), 3 survivors (3072K)
 Metaspace       used 51946K, committed 52352K, reserved 1097728K
  class space    used 6870K, committed 7040K, reserved 1048576K
}
Event: 183.562 GC heap before
{Heap before GC invocations=29 (full 0):
 garbage-first heap   total 84992K, used 43579K [0x0000000080000000, 0x0000000100000000)
  region size 1024K, 7 young (7168K), 3 survivors (3072K)
 Metaspace       used 51963K, committed 52416K, reserved 1097728K
  class space    used 6870K, committed 7040K, reserved 1048576K
}
Event: 183.564 GC heap after
{Heap after GC invocations=30 (full 0):
 garbage-first heap   total 84992K, used 43718K [0x0000000080000000, 0x0000000100000000)
  region size 1024K, 3 young (3072K), 3 survivors (3072K)
 Metaspace       used 51963K, committed 52416K, reserved 1097728K
  class space    used 6870K, committed 7040K, reserved 1048576K
}
Event: 188.587 GC heap before
{Heap before GC invocations=31 (full 0):
 garbage-first heap   total 84992K, used 46790K [0x0000000080000000, 0x0000000100000000)
  region size 1024K, 5 young (5120K), 3 survivors (3072K)
 Metaspace       used 51963K, committed 52416K, reserved 1097728K
  class space    used 6870K, committed 7040K, reserved 1048576K
}
Event: 188.589 GC heap after
{Heap after GC invocations=32 (full 0):
 garbage-first heap   total 84992K, used 48796K [0x0000000080000000, 0x0000000100000000)
  region size 1024K, 2 young (2048K), 2 survivors (2048K)
 Metaspace       used 51963K, committed 52416K, reserved 1097728K
  class space    used 6870K, committed 7040K, reserved 1048576K
}
Event: 213.329 GC heap before
{Heap before GC invocations=33 (full 0):
 garbage-first heap   total 87040K, used 58012K [0x0000000080000000, 0x0000000100000000)
  region size 1024K, 11 young (11264K), 2 survivors (2048K)
 Metaspace       used 52877K, committed 53312K, reserved 1097728K
  class space    used 6981K, committed 7168K, reserved 1048576K
}
Event: 213.331 GC heap after
{Heap after GC invocations=34 (full 0):
 garbage-first heap   total 87040K, used 50656K [0x0000000080000000, 0x0000000100000000)
  region size 1024K, 2 young (2048K), 2 survivors (2048K)
 Metaspace       used 52877K, committed 53312K, reserved 1097728K
  class space    used 6981K, committed 7168K, reserved 1048576K
}
Event: 214.974 GC heap before
{Heap before GC invocations=34 (full 0):
 garbage-first heap   total 87040K, used 60896K [0x0000000080000000, 0x0000000100000000)
  region size 1024K, 12 young (12288K), 2 survivors (2048K)
 Metaspace       used 54177K, committed 54592K, reserved 1097728K
  class space    used 7169K, committed 7360K, reserved 1048576K
}
Event: 214.976 GC heap after
{Heap after GC invocations=35 (full 0):
 garbage-first heap   total 87040K, used 50927K [0x0000000080000000, 0x0000000100000000)
  region size 1024K, 1 young (1024K), 1 survivors (1024K)
 Metaspace       used 54177K, committed 54592K, reserved 1097728K
  class space    used 7169K, committed 7360K, reserved 1048576K
}
Event: 218.381 GC heap before
{Heap before GC invocations=36 (full 0):
 garbage-first heap   total 89088K, used 62191K [0x0000000080000000, 0x0000000100000000)
  region size 1024K, 12 young (12288K), 1 survivors (1024K)
 Metaspace       used 55690K, committed 56128K, reserved 1097728K
  class space    used 7394K, committed 7552K, reserved 1048576K
}
Event: 218.383 GC heap after
{Heap after GC invocations=37 (full 0):
 garbage-first heap   total 107520K, used 51434K [0x0000000080000000, 0x0000000100000000)
  region size 1024K, 1 young (1024K), 1 survivors (1024K)
 Metaspace       used 55690K, committed 56128K, reserved 1097728K
  class space    used 7394K, committed 7552K, reserved 1048576K
}
Event: 221.136 GC heap before
{Heap before GC invocations=37 (full 0):
 garbage-first heap   total 107520K, used 54506K [0x0000000080000000, 0x0000000100000000)
  region size 1024K, 5 young (5120K), 1 survivors (1024K)
 Metaspace       used 56414K, committed 56832K, reserved 1105920K
  class space    used 7458K, committed 7616K, reserved 1048576K
}
Event: 221.138 GC heap after
{Heap after GC invocations=38 (full 0):
 garbage-first heap   total 107520K, used 51140K [0x0000000080000000, 0x0000000100000000)
  region size 1024K, 1 young (1024K), 1 survivors (1024K)
 Metaspace       used 56414K, committed 56832K, reserved 1105920K
  class space    used 7458K, committed 7616K, reserved 1048576K
}

