# JRE version: OpenJDK Runtime Environment (17.0.6) (build 17.0.6+0-b2043.56-9586694)
# Java VM: OpenJDK 64-Bit Server VM (17.0.6+0-b2043.56-9586694, mixed mode, tiered, compressed oops, compressed class ptrs, g1 gc, windows-amd64)
GC Precious Log:
 CPUs: 8 total, 8 available
 Memory: 3875M
 Large Page Support: Disabled
 NUMA Support: Disabled
 Compressed Oops: Enabled (32-bit)
 Heap Region Size: 1M
 Heap Min Capacity: 8M
 Heap Initial Capacity: 62M
 Heap Max Capacity: 970M
 Pre-touch: Disabled
 Parallel Workers: 8
 Concurrent Workers: 2
 Concurrent Refinement Workers: 8
 Periodic GC: Disabled
Heap:
 garbage-first heap   total 63488K, used 34226K [0x00000000c3600000, 0x0000000100000000)
  region size 1024K, 2 young (2048K), 2 survivors (2048K)
 Metaspace       used 50868K, committed 51136K, reserved 1097728K
  class space    used 6197K, committed 6336K, reserved 1048576K
GC Heap History (20 events):
Event: 29.615 GC heap after
{Heap after GC invocations=8 (full 0):
 garbage-first heap   total 40960K, used 21157K [0x00000000c3600000, 0x0000000100000000)
  region size 1024K, 2 young (2048K), 2 survivors (2048K)
 Metaspace       used 34365K, committed 34560K, reserved 1081344K
  class space    used 4380K, committed 4480K, reserved 1048576K
}
Event: 30.296 GC heap before
{Heap before GC invocations=8 (full 0):
 garbage-first heap   total 40960K, used 27301K [0x00000000c3600000, 0x0000000100000000)
  region size 1024K, 9 young (9216K), 2 survivors (2048K)
 Metaspace       used 35978K, committed 36160K, reserved 1081344K
  class space    used 4564K, committed 4672K, reserved 1048576K
}
Event: 30.300 GC heap after
{Heap after GC invocations=9 (full 0):
 garbage-first heap   total 40960K, used 22311K [0x00000000c3600000, 0x0000000100000000)
  region size 1024K, 1 young (1024K), 1 survivors (1024K)
 Metaspace       used 35978K, committed 36160K, reserved 1081344K
  class space    used 4564K, committed 4672K, reserved 1048576K
}
Event: 31.792 GC heap before
{Heap before GC invocations=10 (full 0):
 garbage-first heap   total 40960K, used 31527K [0x00000000c3600000, 0x0000000100000000)
  region size 1024K, 11 young (11264K), 1 survivors (1024K)
 Metaspace       used 37822K, committed 38080K, reserved 1089536K
  class space    used 4800K, committed 4928K, reserved 1048576K
}
Event: 31.795 GC heap after
{Heap after GC invocations=11 (full 0):
 garbage-first heap   total 40960K, used 23552K [0x00000000c3600000, 0x0000000100000000)
  region size 1024K, 2 young (2048K), 2 survivors (2048K)
 Metaspace       used 37822K, committed 38080K, reserved 1089536K
  class space    used 4800K, committed 4928K, reserved 1048576K
}
Event: 31.904 GC heap before
{Heap before GC invocations=11 (full 0):
 garbage-first heap   total 40960K, used 24576K [0x00000000c3600000, 0x0000000100000000)
  region size 1024K, 3 young (3072K), 2 survivors (2048K)
 Metaspace       used 37966K, committed 38208K, reserved 1089536K
  class space    used 4813K, committed 4928K, reserved 1048576K
}
Event: 31.908 GC heap after
{Heap after GC invocations=12 (full 0):
 garbage-first heap   total 40960K, used 23748K [0x00000000c3600000, 0x0000000100000000)
  region size 1024K, 1 young (1024K), 1 survivors (1024K)
 Metaspace       used 37966K, committed 38208K, reserved 1089536K
  class space    used 4813K, committed 4928K, reserved 1048576K
}
Event: 33.361 GC heap before
{Heap before GC invocations=12 (full 0):
 garbage-first heap   total 40960K, used 30916K [0x00000000c3600000, 0x0000000100000000)
  region size 1024K, 9 young (9216K), 1 survivors (1024K)
 Metaspace       used 39549K, committed 39744K, reserved 1089536K
  class space    used 4987K, committed 5056K, reserved 1048576K
}
Event: 33.364 GC heap after
{Heap after GC invocations=13 (full 0):
 garbage-first heap   total 58368K, used 24442K [0x00000000c3600000, 0x0000000100000000)
  region size 1024K, 2 young (2048K), 2 survivors (2048K)
 Metaspace       used 39549K, committed 39744K, reserved 1089536K
  class space    used 4987K, committed 5056K, reserved 1048576K
}
Event: 35.448 GC heap before
{Heap before GC invocations=14 (full 0):
 garbage-first heap   total 58368K, used 42874K [0x00000000c3600000, 0x0000000100000000)
  region size 1024K, 21 young (21504K), 2 survivors (2048K)
 Metaspace       used 43436K, committed 43712K, reserved 1089536K
  class space    used 5342K, committed 5440K, reserved 1048576K
}
Event: 35.452 GC heap after
{Heap after GC invocations=15 (full 0):
 garbage-first heap   total 58368K, used 25996K [0x00000000c3600000, 0x0000000100000000)
  region size 1024K, 3 young (3072K), 3 survivors (3072K)
 Metaspace       used 43436K, committed 43712K, reserved 1089536K
  class space    used 5342K, committed 5440K, reserved 1048576K
}
Event: 36.076 GC heap before
{Heap before GC invocations=15 (full 0):
 garbage-first heap   total 58368K, used 27020K [0x00000000c3600000, 0x0000000100000000)
  region size 1024K, 4 young (4096K), 3 survivors (3072K)
 Metaspace       used 43676K, committed 43904K, reserved 1089536K
  class space    used 5381K, committed 5440K, reserved 1048576K
}
Event: 36.080 GC heap after
{Heap after GC invocations=16 (full 0):
 garbage-first heap   total 58368K, used 26068K [0x00000000c3600000, 0x0000000100000000)
  region size 1024K, 1 young (1024K), 1 survivors (1024K)
 Metaspace       used 43676K, committed 43904K, reserved 1089536K
  class space    used 5381K, committed 5440K, reserved 1048576K
}
Event: 39.065 GC heap before
{Heap before GC invocations=16 (full 0):
 garbage-first heap   total 58368K, used 44500K [0x00000000c3600000, 0x0000000100000000)
  region size 1024K, 19 young (19456K), 1 survivors (1024K)
 Metaspace       used 48397K, committed 48640K, reserved 1097728K
  class space    used 5957K, committed 6080K, reserved 1048576K
}
Event: 39.068 GC heap after
{Heap after GC invocations=17 (full 0):
 garbage-first heap   total 58368K, used 27580K [0x00000000c3600000, 0x0000000100000000)
  region size 1024K, 2 young (2048K), 2 survivors (2048K)
 Metaspace       used 48397K, committed 48640K, reserved 1097728K
  class space    used 5957K, committed 6080K, reserved 1048576K
}
Event: 39.366 GC heap before
{Heap before GC invocations=18 (full 0):
 garbage-first heap   total 58368K, used 46012K [0x00000000c3600000, 0x0000000100000000)
  region size 1024K, 19 young (19456K), 2 survivors (2048K)
 Metaspace       used 49077K, committed 49408K, reserved 1097728K
  class space    used 6002K, committed 6144K, reserved 1048576K
}
Event: 39.372 GC heap after
{Heap after GC invocations=19 (full 0):
 garbage-first heap   total 58368K, used 31998K [0x00000000c3600000, 0x0000000100000000)
  region size 1024K, 3 young (3072K), 3 survivors (3072K)
 Metaspace       used 49077K, committed 49408K, reserved 1097728K
  class space    used 6002K, committed 6144K, reserved 1048576K
}
Event: 39.395 GC heap before
{Heap before GC invocations=19 (full 0):
 garbage-first heap   total 58368K, used 44286K [0x00000000c3600000, 0x0000000100000000)
  region size 1024K, 15 young (15360K), 3 survivors (3072K)
 Metaspace       used 49136K, committed 49408K, reserved 1097728K
  class space    used 6002K, committed 6144K, reserved 1048576K
}
Event: 39.399 GC heap after
{Heap after GC invocations=20 (full 0):
 garbage-first heap   total 58368K, used 33260K [0x00000000c3600000, 0x0000000100000000)
  region size 1024K, 2 young (2048K), 2 survivors (2048K)
 Metaspace       used 49136K, committed 49408K, reserved 1097728K
  class space    used 6002K, committed 6144K, reserved 1048576K
}
Event: 40.446 GC heap before
{Heap before GC invocations=20 (full 0):
 garbage-first heap   total 58368K, used 44524K [0x00000000c3600000, 0x0000000100000000)
  region size 1024K, 14 young (14336K), 2 survivors (2048K)
 Metaspace       used 50868K, committed 51136K, reserved 1097728K
  class space    used 6197K, committed 6336K, reserved 1048576K
}

